<?xml version="1.0" encoding="UTF-8"?>
<testsuite name="AnimalTest" tests="8" skipped="0" failures="0" errors="0" timestamp="2019-06-02T15:40:00" hostname="peter-HP-EliteBook-8460p" time="0.38">
  <properties/>
  <testcase name="find_returnsNullWhenNoAnimalFound_null" classname="AnimalTest" time="0.013"/>
  <testcase name="animal_instantiatesCorrectly_false" classname="AnimalTest" time="0.007"/>
  <testcase name="getName_animalInstantiatesWithName_Deer" classname="AnimalTest" time="0.007"/>
  <testcase name="save_assignsIdToObjectAndSavesObjectToDatabase" classname="AnimalTest" time="0.076"/>
  <testcase name="equals_returnsTrueIfNameIsTheSame_false" classname="AnimalTest" time="0.01"/>
  <testcase name="delete_deletesAnimalFromDatabase_0" classname="AnimalTest" time="0.068"/>
  <testcase name="all_returnsAllInstancesOfAnimal_false" classname="AnimalTest" time="0.091"/>
  <testcase name="find_returnsAnimalWithSameId_secondAnimal" classname="AnimalTest" time="0.104"/>
  <system-out><![CDATA[]]></system-out>
  <system-err><![CDATA[]]></system-err>
</testsuite>
