<?xml version="1.0" encoding="UTF-8"?>
<testsuite name="AnimalTest" tests="8" skipped="0" failures="0" errors="0" timestamp="2019-06-04T09:50:59" hostname="peter-HP-EliteBook-8460p" time="0.57">
  <properties/>
  <testcase name="find_returnsNullWhenNoAnimalFound_null" classname="AnimalTest" time="0.016"/>
  <testcase name="animal_instantiatesCorrectly_false" classname="AnimalTest" time="0.007"/>
  <testcase name="getName_animalInstantiatesWithName_Bear" classname="AnimalTest" time="0.008"/>
  <testcase name="save_assignsIdToObjectAndSavesObjectToDatabase" classname="AnimalTest" time="0.085"/>
  <testcase name="equals_returnsTrueIfNameIsTheSame_false" classname="AnimalTest" time="0.01"/>
  <testcase name="delete_deletesAnimalFromDatabase_0" classname="AnimalTest" time="0.141"/>
  <testcase name="all_returnsAllInstancesOfAnimal_false" classname="AnimalTest" time="0.152"/>
  <testcase name="find_returnsAnimalWithSameId_secondAnimal" classname="AnimalTest" time="0.148"/>
  <system-out><![CDATA[]]></system-out>
  <system-err><![CDATA[]]></system-err>
</testsuite>
