<?xml version="1.0" encoding="UTF-8"?>
<testsuite name="EndangeredAnimalTest" tests="7" skipped="0" failures="0" errors="0" timestamp="2019-06-02T15:12:44" hostname="peter-HP-EliteBook-8460p" time="0.454">
  <properties/>
  <testcase name="endangeredAnimal_instantiatesCorrectly_true" classname="EndangeredAnimalTest" time="0.012"/>
  <testcase name="getHealth_returnsHealthAttribute_true" classname="EndangeredAnimalTest" time="0.008"/>
  <testcase name="all_returnsAllInstancesOfEndangeredAnimal_true" classname="EndangeredAnimalTest" time="0.105"/>
  <testcase name="update_updatesAgeAttribute_true" classname="EndangeredAnimalTest" time="0.072"/>
  <testcase name="save_assignsIdAndSavesObjectToDatabase" classname="EndangeredAnimalTest" time="0.054"/>
  <testcase name="find_returnsAnimalWithSameId_secondAnimal" classname="EndangeredAnimalTest" time="0.105"/>
  <testcase name="update_updatesHealthAttribute_true" classname="EndangeredAnimalTest" time="0.093"/>
  <system-out><![CDATA[]]></system-out>
  <system-err><![CDATA[]]></system-err>
</testsuite>
