<?xml version="1.0" encoding="UTF-8"?>
<testsuite name="EndangeredAnimalTest" tests="7" skipped="0" failures="0" errors="0" timestamp="2019-06-04T09:51:00" hostname="peter-HP-EliteBook-8460p" time="1.398">
  <properties/>
  <testcase name="endangeredAnimal_instantiatesCorrectly_true" classname="EndangeredAnimalTest" time="0.008"/>
  <testcase name="getHealth_returnsHealthAttribute_true" classname="EndangeredAnimalTest" time="0.009"/>
  <testcase name="all_returnsAllInstancesOfEndangeredAnimal_true" classname="EndangeredAnimalTest" time="0.275"/>
  <testcase name="update_updatesAgeAttribute_true" classname="EndangeredAnimalTest" time="0.541"/>
  <testcase name="save_assignsIdAndSavesObjectToDatabase" classname="EndangeredAnimalTest" time="0.188"/>
  <testcase name="find_returnsAnimalWithSameId_secondAnimal" classname="EndangeredAnimalTest" time="0.203"/>
  <testcase name="update_updatesHealthAttribute_true" classname="EndangeredAnimalTest" time="0.17"/>
  <system-out><![CDATA[]]></system-out>
  <system-err><![CDATA[]]></system-err>
</testsuite>
