<?xml version="1.0" encoding="UTF-8"?>
<testsuite name="SightingTest" tests="6" skipped="0" failures="0" errors="0" timestamp="2019-06-02T15:12:41" hostname="peter-HP-EliteBook-8460p" time="2.108">
  <properties/>
  <testcase name="equals_returnsTrueIfLocationAndDescriptionAreSame_true" classname="SightingTest" time="1.459"/>
  <testcase name="sighting_instantiatesCorrectly_true" classname="SightingTest" time="0.063"/>
  <testcase name="save_insertsObjectIntoDatabase_Sighting" classname="SightingTest" time="0.208"/>
  <testcase name="all_returnsAllInstancesOfSighting_true" classname="SightingTest" time="0.199"/>
  <testcase name="find_returnsNullWhenNoAnimalFound_null" classname="SightingTest" time="0.017"/>
  <testcase name="find_returnsSightingWithSameId_secondSighting" classname="SightingTest" time="0.158"/>
  <system-out><![CDATA[]]></system-out>
  <system-err><![CDATA[]]></system-err>
</testsuite>
