<?xml version="1.0" encoding="UTF-8"?>
<testsuite name="SightingTest" tests="6" skipped="0" failures="0" errors="0" timestamp="2019-06-02T14:52:01" hostname="peter-HP-EliteBook-8460p" time="0.985">
  <properties/>
  <testcase name="equals_returnsTrueIfLocationAndDescriptionAreSame_true" classname="SightingTest" time="0.441"/>
  <testcase name="sighting_instantiatesCorrectly_true" classname="SightingTest" time="0.062"/>
  <testcase name="save_insertsObjectIntoDatabase_Sighting" classname="SightingTest" time="0.124"/>
  <testcase name="all_returnsAllInstancesOfSighting_true" classname="SightingTest" time="0.177"/>
  <testcase name="find_returnsNullWhenNoAnimalFound_null" classname="SightingTest" time="0.018"/>
  <testcase name="find_returnsSightingWithSameId_secondSighting" classname="SightingTest" time="0.157"/>
  <system-out><![CDATA[]]></system-out>
  <system-err><![CDATA[]]></system-err>
</testsuite>
